<?xml version="1.0" encoding="UTF-8"?>
<testsuite xmlns:xsi="http://www.w3.org/2001/XMLSchema-instance" xsi:noNamespaceSchemaLocation="https://maven.apache.org/surefire/maven-surefire-plugin/xsd/surefire-test-report.xsd" version="3.0.2" name="com.billy.files.BillyProyectApplicationTests" time="7.749" tests="1" errors="0" skipped="0" failures="0">
  <properties>
[...]
</properties>
  <testcase name="contextLoads" classname="com.billy.files.BillyProyectApplicationTests" time="1.655">
    <system-out><![CDATA[00:21:15.264 [main] INFO org.springframework.test.context.support.AnnotationConfigContextLoaderUtils -- Could not detect default configuration classes for test class [com.billy.files.BillyProyectApplicationTests]: BillyProyectApplicationTests does not declare any static, non-private, non-final, nested classes annotated with @Configuration.
00:21:15.514 [main] INFO org.springframework.boot.test.context.SpringBootTestContextBootstrapper -- Found @SpringBootConfiguration com.billy.files.BillyProyectApplication for test class com.billy.files.BillyProyectApplicationTests
00:21:15,057 |-INFO in ch.qos.logback.classic.LoggerContext[default] - This is logback-classic version 1.5.16
00:21:15,061 |-INFO in ch.qos.logback.classic.util.ContextInitializer@72ab05ed - Here is a list of configurators discovered as a service, by rank: 
00:21:15,061 |-INFO in ch.qos.logback.classic.util.ContextInitializer@72ab05ed -   org.springframework.boot.logging.logback.RootLogLevelConfigurator
00:21:15,061 |-INFO in ch.qos.logback.classic.util.ContextInitializer@72ab05ed - They will be invoked in order until ExecutionStatus.DO_NOT_INVOKE_NEXT_IF_ANY is returned.
00:21:15,061 |-INFO in ch.qos.logback.classic.util.ContextInitializer@72ab05ed - Constructed configurator of type class org.springframework.boot.logging.logback.RootLogLevelConfigurator
00:21:15,072 |-INFO in ch.qos.logback.classic.util.ContextInitializer@72ab05ed - org.springframework.boot.logging.logback.RootLogLevelConfigurator.configure() call lasted 1 milliseconds. ExecutionStatus=INVOKE_NEXT_IF_ANY
00:21:15,072 |-INFO in ch.qos.logback.classic.util.ContextInitializer@72ab05ed - Trying to configure with ch.qos.logback.classic.joran.SerializedModelConfigurator
00:21:15,073 |-INFO in ch.qos.logback.classic.util.ContextInitializer@72ab05ed - Constructed configurator of type class ch.qos.logback.classic.joran.SerializedModelConfigurator
00:21:15,075 |-INFO in ch.qos.logback.classic.LoggerContext[default] - Could NOT find resource [logback-test.scmo]
00:21:15,076 |-INFO in ch.qos.logback.classic.LoggerContext[default] - Could NOT find resource [logback.scmo]
00:21:15,076 |-INFO in ch.qos.logback.classic.util.ContextInitializer@72ab05ed - ch.qos.logback.classic.joran.SerializedModelConfigurator.configure() call lasted 3 milliseconds. ExecutionStatus=INVOKE_NEXT_IF_ANY
00:21:15,076 |-INFO in ch.qos.logback.classic.util.ContextInitializer@72ab05ed - Trying to configure with ch.qos.logback.classic.util.DefaultJoranConfigurator
00:21:15,077 |-INFO in ch.qos.logback.classic.util.ContextInitializer@72ab05ed - Constructed configurator of type class ch.qos.logback.classic.util.DefaultJoranConfigurator
00:21:15,077 |-INFO in ch.qos.logback.classic.LoggerContext[default] - Could NOT find resource [logback-test.xml]
00:21:15,078 |-INFO in ch.qos.logback.classic.LoggerContext[default] - Could NOT find resource [logback.xml]
00:21:15,078 |-INFO in ch.qos.logback.classic.util.ContextInitializer@72ab05ed - ch.qos.logback.classic.util.DefaultJoranConfigurator.configure() call lasted 1 milliseconds. ExecutionStatus=INVOKE_NEXT_IF_ANY
00:21:15,078 |-INFO in ch.qos.logback.classic.util.ContextInitializer@72ab05ed - Trying to configure with ch.qos.logback.classic.BasicConfigurator
00:21:15,080 |-INFO in ch.qos.logback.classic.util.ContextInitializer@72ab05ed - Constructed configurator of type class ch.qos.logback.classic.BasicConfigurator
00:21:15,080 |-INFO in ch.qos.logback.classic.BasicConfigurator@27e32fe4 - Setting up default configuration.
00:21:15,103 |-INFO in ch.qos.logback.core.ConsoleAppender[console] - BEWARE: Writing to the console can be very slow. Avoid logging to the 
00:21:15,103 |-INFO in ch.qos.logback.core.ConsoleAppender[console] - console in production environments, especially in high volume systems.
00:21:15,103 |-INFO in ch.qos.logback.core.ConsoleAppender[console] - See also https://logback.qos.ch/codes.html#slowConsole
00:21:15,104 |-INFO in ch.qos.logback.classic.util.ContextInitializer@72ab05ed - ch.qos.logback.classic.BasicConfigurator.configure() call lasted 24 milliseconds. ExecutionStatus=NEUTRAL
00:21:16,305 |-WARN in ch.qos.logback.core.joran.action.ConversionRuleAction - [converterClass] attribute is deprecated and replaced by [class]. See element [conversionRule] near line 8
00:21:16,305 |-WARN in ch.qos.logback.core.joran.action.ConversionRuleAction - [converterClass] attribute is deprecated and replaced by [class]. See element [conversionRule] near line 9
00:21:16,363 |-INFO in ch.qos.logback.core.model.processor.ConversionRuleModelHandler - registering conversion word clr with class [org.springframework.boot.logging.logback.ColorConverter]
00:21:16,364 |-INFO in ch.qos.logback.core.model.processor.ConversionRuleModelHandler - registering conversion word wex with class [org.springframework.boot.logging.logback.WhitespaceThrowableProxyConverter]
00:21:16,366 |-INFO in ch.qos.logback.classic.model.processor.ConfigurationModelHandlerFull - Registering a new ReconfigureOnChangeTask ReconfigureOnChangeTask(born:1739503276364)
00:21:16,366 |-INFO in ch.qos.logback.classic.model.processor.ConfigurationModelHandlerFull - No 'scanPeriod' specified. Defaulting to 1 minutes
00:21:16,367 |-INFO in ch.qos.logback.classic.model.processor.ConfigurationModelHandlerFull - Will scan for changes in [ConfigurationWatchList(mainURL=file:/C:/springboot/billy-proyect/target/classes/logback-spring.xml, fileWatchList={C:\springboot\billy-proyect\target\classes\logback-spring.xml}, urlWatchList=[})] 
00:21:16,367 |-INFO in ch.qos.logback.classic.model.processor.ConfigurationModelHandlerFull - Setting ReconfigureOnChangeTask scanning period to 1 minutes
00:21:16,370 |-INFO in ch.qos.logback.core.model.processor.AppenderModelHandler - Processing appender named [FILE]
00:21:16,370 |-INFO in ch.qos.logback.core.model.processor.AppenderModelHandler - About to instantiate appender of type [ch.qos.logback.core.rolling.RollingFileAppender]
00:21:16,380 |-INFO in ch.qos.logback.core.model.processor.ModelInterpretationContext@c3c4c1c - value "logs/application.log" substituted for "${LOG_HOME}/application.log"
00:21:16,383 |-INFO in ch.qos.logback.core.model.processor.ModelInterpretationContext@c3c4c1c - value "logs/application.%d{yyyy-MM-dd}.log" substituted for "${LOG_HOME}/application.%d{yyyy-MM-dd}.log"
00:21:16,392 |-INFO in c.q.l.core.rolling.TimeBasedRollingPolicy@399653041 - No compression will be used
00:21:16,393 |-INFO in c.q.l.core.rolling.TimeBasedRollingPolicy@399653041 - Will use the pattern logs/application.%d{yyyy-MM-dd}.log for the active file
00:21:16,397 |-INFO in c.q.l.core.rolling.DefaultTimeBasedFileNamingAndTriggeringPolicy - The date pattern is 'yyyy-MM-dd' from file name pattern 'logs/application.%d{yyyy-MM-dd}.log'.
00:21:16,397 |-INFO in c.q.l.core.rolling.DefaultTimeBasedFileNamingAndTriggeringPolicy - Roll-over at midnight.
00:21:16,397 |-INFO in c.q.l.core.rolling.DefaultTimeBasedFileNamingAndTriggeringPolicy - Setting initial period to 2025-02-14T03:21:16.397Z
00:21:16,399 |-INFO in ch.qos.logback.core.model.processor.ImplicitModelHandler - Assuming default type [ch.qos.logback.classic.encoder.PatternLayoutEncoder] for [encoder] property
00:21:16,428 |-INFO in ch.qos.logback.core.rolling.RollingFileAppender[FILE] - Active log file name: logs/application.log
00:21:16,428 |-INFO in ch.qos.logback.core.rolling.RollingFileAppender[FILE] - File property is set to [logs/application.log]
00:21:16,430 |-INFO in ch.qos.logback.core.model.processor.AppenderModelHandler - Processing appender named [CONSOLE]
00:21:16,430 |-INFO in ch.qos.logback.core.model.processor.AppenderModelHandler - About to instantiate appender of type [ch.qos.logback.core.ConsoleAppender]
00:21:16,430 |-INFO in ch.qos.logback.core.model.processor.ImplicitModelHandler - Assuming default type [ch.qos.logback.classic.encoder.PatternLayoutEncoder] for [encoder] property
00:21:16,433 |-INFO in ch.qos.logback.core.ConsoleAppender[CONSOLE] - BEWARE: Writing to the console can be very slow. Avoid logging to the 
00:21:16,433 |-INFO in ch.qos.logback.core.ConsoleAppender[CONSOLE] - console in production environments, especially in high volume systems.
00:21:16,433 |-INFO in ch.qos.logback.core.ConsoleAppender[CONSOLE] - See also https://logback.qos.ch/codes.html#slowConsole
00:21:16,433 |-INFO in ch.qos.logback.classic.model.processor.RootLoggerModelHandler - Setting level of ROOT logger to INFO
00:21:16,433 |-INFO in ch.qos.logback.classic.jul.LevelChangePropagator@3d7cc3cb - Propagating INFO level on Logger[ROOT] onto the JUL framework
00:21:16,434 |-INFO in ch.qos.logback.core.model.processor.AppenderRefModelHandler - Attaching appender named [FILE] to Logger[ROOT]
00:21:16,434 |-INFO in ch.qos.logback.core.model.processor.AppenderRefModelHandler - Attaching appender named [CONSOLE] to Logger[ROOT]
00:21:16,434 |-INFO in ch.qos.logback.core.model.processor.DefaultProcessor@35e478f - End of configuration.
00:21:16,434 |-INFO in org.springframework.boot.logging.logback.SpringBootJoranConfigurator@6d6cb754 - Registering current configuration as safe fallback point


  .   ____          _            __ _ _
 /\\ / ___'_ __ _ _(_)_ __  __ _ \ \ \ \
( ( )\___ | '_ | '_| | '_ \/ _` | \ \ \ \
 \\/  ___)| |_)| | | | | || (_| |  ) ) ) )
  '  |____| .__|_| |_|_| |_\__, | / / / /
 =========|_|==============|___/=/_/_/_/

 :: Spring Boot ::                (v3.4.2)

2025-02-14 00:21:16.567 [main] INFO  c.b.f.BillyProyectApplicationTests - Starting BillyProyectApplicationTests using Java 17.0.11 with PID 2884 (started by diego in C:\springboot\billy-proyect)
2025-02-14 00:21:16.570 [main] INFO  c.b.f.BillyProyectApplicationTests - No active profile set, falling back to 1 default profile: "default"
2025-02-14 00:21:18.937 [main] INFO  c.billy.files.config.WebSocketConfig - Configurando el Message Broker...
2025-02-14 00:21:19.187 [main] INFO  c.billy.files.config.WebSocketConfig - Registrando endpoint STOMP en '/ws-split'...
2025-02-14 00:21:19.760 [main] INFO  o.s.b.a.w.s.WelcomePageHandlerMapping - Adding welcome page template: index
2025-02-14 00:21:20.796 [main] INFO  o.s.b.a.e.web.EndpointLinksResolver - Exposing 1 endpoint beneath base path '/actuator'
2025-02-14 00:21:20.893 [main] INFO  o.s.m.s.b.SimpleBrokerMessageHandler - Starting...
2025-02-14 00:21:20.898 [main] INFO  o.s.m.s.b.SimpleBrokerMessageHandler - BrokerAvailabilityEvent[available=true, SimpleBrokerMessageHandler [org.springframework.messaging.simp.broker.DefaultSubscriptionRegistry@54463380]]
2025-02-14 00:21:20.900 [main] INFO  o.s.m.s.b.SimpleBrokerMessageHandler - Started.
2025-02-14 00:21:20.925 [main] INFO  c.b.f.BillyProyectApplicationTests - Started BillyProyectApplicationTests in 5.025 seconds (process running for 6.859)
]]></system-out>
  </testcase>
</testsuite>